<?xml version="1.0" encoding="UTF-8"?>
<coverage generated="1774392324226" clover="3.2.0">
  <project timestamp="1774392324226" name="All files">
    <metrics statements="54" coveredstatements="54" conditionals="6" coveredconditionals="6" methods="25" coveredmethods="25" elements="85" coveredelements="85" complexity="0" loc="54" ncloc="54" packages="2" files="7" classes="7"/>
    <package name="classes">
      <metrics statements="50" coveredstatements="50" conditionals="6" coveredconditionals="6" methods="23" coveredmethods="23"/>
      <file name="Customer.ts" path="C:\Users\luiz.silva\Documents\GitHub\Studies-to-develop-web\4. TypeScript\Módulo 8 - TypeScript - Testes com Jest\Aula 9 - Testando Order.ts e suas integrações\src\classes\Customer.ts">
        <metrics statements="11" coveredstatements="11" conditionals="0" coveredconditionals="0" methods="6" coveredmethods="6"/>
        <line num="3" count="1" type="stmt"/>
        <line num="9" count="2" type="stmt"/>
        <line num="10" count="2" type="stmt"/>
        <line num="11" count="2" type="stmt"/>
        <line num="15" count="1" type="stmt"/>
        <line num="19" count="1" type="stmt"/>
        <line num="23" count="1" type="stmt"/>
        <line num="28" count="4" type="stmt"/>
        <line num="29" count="4" type="stmt"/>
        <line num="33" count="1" type="stmt"/>
        <line num="37" count="1" type="stmt"/>
      </file>
      <file name="Discount.ts" path="C:\Users\luiz.silva\Documents\GitHub\Studies-to-develop-web\4. TypeScript\Módulo 8 - TypeScript - Testes com Jest\Aula 9 - Testando Order.ts e suas integrações\src\classes\Discount.ts">
        <metrics statements="8" coveredstatements="8" conditionals="0" coveredconditionals="0" methods="4" coveredmethods="4"/>
        <line num="1" count="2" type="stmt"/>
        <line num="2" count="13" type="stmt"/>
        <line num="5" count="3" type="stmt"/>
        <line num="11" count="2" type="stmt"/>
        <line num="12" count="1" type="stmt"/>
        <line num="15" count="2" type="stmt"/>
        <line num="16" count="1" type="stmt"/>
        <line num="19" count="2" type="stmt"/>
      </file>
      <file name="Order.ts" path="C:\Users\luiz.silva\Documents\GitHub\Studies-to-develop-web\4. TypeScript\Módulo 8 - TypeScript - Testes com Jest\Aula 9 - Testando Order.ts e suas integrações\src\classes\Order.ts">
        <metrics statements="15" coveredstatements="15" conditionals="2" coveredconditionals="2" methods="3" coveredmethods="3"/>
        <line num="7" count="1" type="stmt"/>
        <line num="8" count="4" type="stmt"/>
        <line num="11" count="4" type="stmt"/>
        <line num="12" count="4" type="stmt"/>
        <line num="13" count="4" type="stmt"/>
        <line num="14" count="4" type="stmt"/>
        <line num="18" count="1" type="stmt"/>
        <line num="22" count="4" type="cond" truecount="2" falsecount="0"/>
        <line num="23" count="1" type="stmt"/>
        <line num="24" count="1" type="stmt"/>
        <line num="27" count="3" type="stmt"/>
        <line num="31" count="3" type="stmt"/>
        <line num="32" count="3" type="stmt"/>
        <line num="33" count="3" type="stmt"/>
        <line num="35" count="3" type="stmt"/>
      </file>
      <file name="Product.ts" path="C:\Users\luiz.silva\Documents\GitHub\Studies-to-develop-web\4. TypeScript\Módulo 8 - TypeScript - Testes com Jest\Aula 9 - Testando Order.ts e suas integrações\src\classes\Product.ts">
        <metrics statements="2" coveredstatements="2" conditionals="0" coveredconditionals="0" methods="1" coveredmethods="1"/>
        <line num="3" count="1" type="stmt"/>
        <line num="4" count="2" type="stmt"/>
      </file>
      <file name="ShoppingCart.ts" path="C:\Users\luiz.silva\Documents\GitHub\Studies-to-develop-web\4. TypeScript\Módulo 8 - TypeScript - Testes com Jest\Aula 9 - Testando Order.ts e suas integrações\src\classes\ShoppingCart.ts">
        <metrics statements="14" coveredstatements="14" conditionals="4" coveredconditionals="4" methods="9" coveredmethods="9"/>
        <line num="5" count="1" type="stmt"/>
        <line num="6" count="10" type="stmt"/>
        <line num="8" count="10" type="stmt"/>
        <line num="11" count="10" type="stmt"/>
        <line num="15" count="2" type="cond" truecount="4" falsecount="0"/>
        <line num="16" count="1" type="stmt"/>
        <line num="18" count="1" type="stmt"/>
        <line num="22" count="10" type="stmt"/>
        <line num="26" count="6" type="stmt"/>
        <line num="27" count="6" type="stmt"/>
        <line num="32" count="3" type="stmt"/>
        <line num="36" count="3" type="stmt"/>
        <line num="40" count="1" type="stmt"/>
        <line num="41" count="1" type="stmt"/>
      </file>
    </package>
    <package name="services">
      <metrics statements="4" coveredstatements="4" conditionals="0" coveredconditionals="0" methods="2" coveredmethods="2"/>
      <file name="Messaging.ts" path="C:\Users\luiz.silva\Documents\GitHub\Studies-to-develop-web\4. TypeScript\Módulo 8 - TypeScript - Testes com Jest\Aula 9 - Testando Order.ts e suas integrações\src\services\Messaging.ts">
        <metrics statements="2" coveredstatements="2" conditionals="0" coveredconditionals="0" methods="1" coveredmethods="1"/>
        <line num="3" count="1" type="stmt"/>
        <line num="5" count="3" type="stmt"/>
      </file>
      <file name="Persistency.ts" path="C:\Users\luiz.silva\Documents\GitHub\Studies-to-develop-web\4. TypeScript\Módulo 8 - TypeScript - Testes com Jest\Aula 9 - Testando Order.ts e suas integrações\src\services\Persistency.ts">
        <metrics statements="2" coveredstatements="2" conditionals="0" coveredconditionals="0" methods="1" coveredmethods="1"/>
        <line num="1" count="1" type="stmt"/>
        <line num="3" count="3" type="stmt"/>
      </file>
    </package>
  </project>
</coverage>
