{"C:\\Users\\luiz.silva\\Documents\\GitHub\\Studies-to-develop-web\\4. TypeScript\\Módulo 8 - TypeScript - Testes com Jest\\Aula 9 - Testando Order.ts e suas integrações\\src\\classes\\Customer.ts": {"path":"C:\\Users\\luiz.silva\\Documents\\GitHub\\Studies-to-develop-web\\4. TypeScript\\Módulo 8 - TypeScript - Testes com Jest\\Aula 9 - Testando Order.ts e suas integrações\\src\\classes\\Customer.ts","statementMap":{"0":{"start":{"line":9,"column":8},"end":{"line":9,"column":35}},"1":{"start":{"line":10,"column":8},"end":{"line":10,"column":33}},"2":{"start":{"line":11,"column":8},"end":{"line":11,"column":23}},"3":{"start":{"line":15,"column":8},"end":{"line":15,"column":52}},"4":{"start":{"line":19,"column":8},"end":{"line":19,"column":24}},"5":{"start":{"line":3,"column":0},"end":{"line":3,"column":13}},"6":{"start":{"line":28,"column":8},"end":{"line":28,"column":25}},"7":{"start":{"line":29,"column":8},"end":{"line":29,"column":25}},"8":{"start":{"line":33,"column":8},"end":{"line":33,"column":null}},"9":{"start":{"line":37,"column":8},"end":{"line":37,"column":25}},"10":{"start":{"line":23,"column":0},"end":{"line":23,"column":13}}},"fnMap":{"0":{"name":"(anonymous_0)","decl":{"start":{"line":8,"column":4},"end":{"line":8,"column":16}},"loc":{"start":{"line":8,"column":64},"end":{"line":12,"column":5}}},"1":{"name":"(anonymous_1)","decl":{"start":{"line":14,"column":4},"end":{"line":14,"column":11}},"loc":{"start":{"line":14,"column":11},"end":{"line":16,"column":5}}},"2":{"name":"(anonymous_2)","decl":{"start":{"line":18,"column":4},"end":{"line":18,"column":10}},"loc":{"start":{"line":18,"column":10},"end":{"line":20,"column":5}}},"3":{"name":"(anonymous_3)","decl":{"start":{"line":27,"column":4},"end":{"line":27,"column":16}},"loc":{"start":{"line":27,"column":42},"end":{"line":30,"column":5}}},"4":{"name":"(anonymous_4)","decl":{"start":{"line":32,"column":4},"end":{"line":32,"column":11}},"loc":{"start":{"line":32,"column":11},"end":{"line":34,"column":5}}},"5":{"name":"(anonymous_5)","decl":{"start":{"line":36,"column":4},"end":{"line":36,"column":10}},"loc":{"start":{"line":36,"column":10},"end":{"line":38,"column":5}}}},"branchMap":{},"s":{"0":2,"1":2,"2":2,"3":1,"4":1,"5":1,"6":4,"7":4,"8":1,"9":1,"10":1},"f":{"0":2,"1":1,"2":1,"3":4,"4":1,"5":1},"b":{}}
,"C:\\Users\\luiz.silva\\Documents\\GitHub\\Studies-to-develop-web\\4. TypeScript\\Módulo 8 - TypeScript - Testes com Jest\\Aula 9 - Testando Order.ts e suas integrações\\src\\classes\\Discount.ts": {"path":"C:\\Users\\luiz.silva\\Documents\\GitHub\\Studies-to-develop-web\\4. TypeScript\\Módulo 8 - TypeScript - Testes com Jest\\Aula 9 - Testando Order.ts e suas integrações\\src\\classes\\Discount.ts","statementMap":{"0":{"start":{"line":2,"column":14},"end":{"line":2,"column":27}},"1":{"start":{"line":5,"column":8},"end":{"line":5,"column":45}},"2":{"start":{"line":1,"column":0},"end":{"line":1,"column":22}},"3":{"start":{"line":12,"column":4},"end":{"line":12,"column":19}},"4":{"start":{"line":11,"column":0},"end":{"line":11,"column":13}},"5":{"start":{"line":16,"column":4},"end":{"line":16,"column":19}},"6":{"start":{"line":15,"column":0},"end":{"line":15,"column":13}},"7":{"start":{"line":19,"column":0},"end":{"line":19,"column":13}}},"fnMap":{"0":{"name":"(anonymous_0)","decl":{"start":{"line":1,"column":0},"end":{"line":1,"column":22}},"loc":{"start":{"line":1,"column":0},"end":{"line":7,"column":1}}},"1":{"name":"(anonymous_1)","decl":{"start":{"line":4,"column":4},"end":{"line":4,"column":13}},"loc":{"start":{"line":4,"column":27},"end":{"line":6,"column":5}}},"2":{"name":"(anonymous_2)","decl":{"start":{"line":11,"column":0},"end":{"line":11,"column":13}},"loc":{"start":{"line":11,"column":0},"end":{"line":13,"column":1}}},"3":{"name":"(anonymous_3)","decl":{"start":{"line":15,"column":0},"end":{"line":15,"column":13}},"loc":{"start":{"line":15,"column":0},"end":{"line":17,"column":1}}}},"branchMap":{},"s":{"0":13,"1":3,"2":2,"3":1,"4":2,"5":1,"6":2,"7":2},"f":{"0":13,"1":3,"2":1,"3":1},"b":{}}
,"C:\\Users\\luiz.silva\\Documents\\GitHub\\Studies-to-develop-web\\4. TypeScript\\Módulo 8 - TypeScript - Testes com Jest\\Aula 9 - Testando Order.ts e suas integrações\\src\\classes\\Order.ts": {"path":"C:\\Users\\luiz.silva\\Documents\\GitHub\\Studies-to-develop-web\\4. TypeScript\\Módulo 8 - TypeScript - Testes com Jest\\Aula 9 - Testando Order.ts e suas integrações\\src\\classes\\Order.ts","statementMap":{"0":{"start":{"line":11,"column":25},"end":{"line":11,"column":60}},"1":{"start":{"line":12,"column":25},"end":{"line":12,"column":54}},"2":{"start":{"line":13,"column":25},"end":{"line":13,"column":58}},"3":{"start":{"line":14,"column":25},"end":{"line":14,"column":48}},"4":{"start":{"line":8,"column":12},"end":{"line":8,"column":47}},"5":{"start":{"line":18,"column":8},"end":{"line":18,"column":33}},"6":{"start":{"line":22,"column":8},"end":{"line":25,"column":9}},"7":{"start":{"line":23,"column":12},"end":{"line":23,"column":62}},"8":{"start":{"line":24,"column":12},"end":{"line":24,"column":19}},"9":{"start":{"line":27,"column":8},"end":{"line":29,"column":10}},"10":{"start":{"line":31,"column":8},"end":{"line":31,"column":37}},"11":{"start":{"line":32,"column":8},"end":{"line":32,"column":37}},"12":{"start":{"line":33,"column":8},"end":{"line":33,"column":34}},"13":{"start":{"line":35,"column":8},"end":{"line":35,"column":null}},"14":{"start":{"line":7,"column":0},"end":{"line":7,"column":13}}},"fnMap":{"0":{"name":"(anonymous_0)","decl":{"start":{"line":10,"column":4},"end":{"line":10,"column":null}},"loc":{"start":{"line":14,"column":48},"end":{"line":15,"column":8}}},"1":{"name":"(anonymous_1)","decl":{"start":{"line":17,"column":4},"end":{"line":17,"column":8}},"loc":{"start":{"line":17,"column":19},"end":{"line":19,"column":5}}},"2":{"name":"(anonymous_2)","decl":{"start":{"line":21,"column":4},"end":{"line":21,"column":12}},"loc":{"start":{"line":21,"column":12},"end":{"line":36,"column":5}}}},"branchMap":{"0":{"loc":{"start":{"line":22,"column":8},"end":{"line":25,"column":9}},"type":"if","locations":[{"start":{"line":22,"column":8},"end":{"line":25,"column":9}},{"start":{},"end":{}}]}},"s":{"0":4,"1":4,"2":4,"3":4,"4":4,"5":1,"6":4,"7":1,"8":1,"9":3,"10":3,"11":3,"12":3,"13":3,"14":1},"f":{"0":4,"1":1,"2":4},"b":{"0":[1,3]}}
,"C:\\Users\\luiz.silva\\Documents\\GitHub\\Studies-to-develop-web\\4. TypeScript\\Módulo 8 - TypeScript - Testes com Jest\\Aula 9 - Testando Order.ts e suas integrações\\src\\classes\\Product.ts": {"path":"C:\\Users\\luiz.silva\\Documents\\GitHub\\Studies-to-develop-web\\4. TypeScript\\Módulo 8 - TypeScript - Testes com Jest\\Aula 9 - Testando Order.ts e suas integrações\\src\\classes\\Product.ts","statementMap":{"0":{"start":{"line":4,"column":23},"end":{"line":4,"column":35}},"1":{"start":{"line":4,"column":44},"end":{"line":4,"column":57}},"2":{"start":{"line":3,"column":0},"end":{"line":3,"column":13}}},"fnMap":{"0":{"name":"(anonymous_0)","decl":{"start":{"line":4,"column":4},"end":{"line":4,"column":23}},"loc":{"start":{"line":4,"column":57},"end":{"line":4,"column":61}}}},"branchMap":{},"s":{"0":2,"1":2,"2":1},"f":{"0":2},"b":{}}
,"C:\\Users\\luiz.silva\\Documents\\GitHub\\Studies-to-develop-web\\4. TypeScript\\Módulo 8 - TypeScript - Testes com Jest\\Aula 9 - Testando Order.ts e suas integrações\\src\\classes\\ShoppingCart.ts": {"path":"C:\\Users\\luiz.silva\\Documents\\GitHub\\Studies-to-develop-web\\4. TypeScript\\Módulo 8 - TypeScript - Testes com Jest\\Aula 9 - Testando Order.ts e suas integrações\\src\\classes\\ShoppingCart.ts","statementMap":{"0":{"start":{"line":8,"column":33},"end":{"line":8,"column":51}},"1":{"start":{"line":6,"column":21},"end":{"line":6,"column":45}},"2":{"start":{"line":11,"column":8},"end":{"line":11,"column":31}},"3":{"start":{"line":15,"column":4},"end":{"line":17,"column":5}},"4":{"start":{"line":16,"column":8},"end":{"line":16,"column":46}},"5":{"start":{"line":18,"column":4},"end":{"line":18,"column":33}},"6":{"start":{"line":22,"column":8},"end":{"line":22,"column":null}},"7":{"start":{"line":26,"column":8},"end":{"line":28,"column":24}},"8":{"start":{"line":27,"column":53},"end":{"line":27,"column":87}},"9":{"start":{"line":32,"column":8},"end":{"line":32,"column":53}},"10":{"start":{"line":36,"column":8},"end":{"line":36,"column":39}},"11":{"start":{"line":40,"column":8},"end":{"line":40,"column":null}},"12":{"start":{"line":41,"column":8},"end":{"line":41,"column":31}},"13":{"start":{"line":5,"column":0},"end":{"line":5,"column":13}}},"fnMap":{"0":{"name":"(anonymous_0)","decl":{"start":{"line":8,"column":4},"end":{"line":8,"column":33}},"loc":{"start":{"line":8,"column":51},"end":{"line":8,"column":55}}},"1":{"name":"(anonymous_1)","decl":{"start":{"line":10,"column":4},"end":{"line":10,"column":11}},"loc":{"start":{"line":10,"column":26},"end":{"line":12,"column":5}}},"2":{"name":"(anonymous_2)","decl":{"start":{"line":14,"column":4},"end":{"line":14,"column":14}},"loc":{"start":{"line":14,"column":28},"end":{"line":19,"column":5}}},"3":{"name":"(anonymous_3)","decl":{"start":{"line":21,"column":4},"end":{"line":21,"column":8}},"loc":{"start":{"line":21,"column":13},"end":{"line":23,"column":5}}},"4":{"name":"(anonymous_4)","decl":{"start":{"line":25,"column":4},"end":{"line":25,"column":9}},"loc":{"start":{"line":25,"column":9},"end":{"line":29,"column":5}}},"5":{"name":"(anonymous_5)","decl":{"start":{"line":27,"column":20},"end":{"line":27,"column":21}},"loc":{"start":{"line":27,"column":53},"end":{"line":27,"column":87}}},"6":{"name":"(anonymous_6)","decl":{"start":{"line":31,"column":4},"end":{"line":31,"column":21}},"loc":{"start":{"line":31,"column":21},"end":{"line":33,"column":5}}},"7":{"name":"(anonymous_7)","decl":{"start":{"line":35,"column":4},"end":{"line":35,"column":11}},"loc":{"start":{"line":35,"column":11},"end":{"line":37,"column":5}}},"8":{"name":"(anonymous_8)","decl":{"start":{"line":39,"column":4},"end":{"line":39,"column":9}},"loc":{"start":{"line":39,"column":9},"end":{"line":42,"column":5}}}},"branchMap":{"0":{"loc":{"start":{"line":15,"column":4},"end":{"line":17,"column":5}},"type":"if","locations":[{"start":{"line":15,"column":4},"end":{"line":17,"column":5}},{"start":{},"end":{}}]},"1":{"loc":{"start":{"line":15,"column":8},"end":{"line":15,"column":47}},"type":"binary-expr","locations":[{"start":{"line":15,"column":8},"end":{"line":15,"column":17}},{"start":{"line":15,"column":21},"end":{"line":15,"column":47}}]}},"s":{"0":10,"1":10,"2":10,"3":2,"4":1,"5":1,"6":10,"7":6,"8":6,"9":3,"10":3,"11":1,"12":1,"13":1},"f":{"0":10,"1":10,"2":2,"3":10,"4":6,"5":6,"6":3,"7":3,"8":1},"b":{"0":[1,1],"1":[2,2]}}
,"C:\\Users\\luiz.silva\\Documents\\GitHub\\Studies-to-develop-web\\4. TypeScript\\Módulo 8 - TypeScript - Testes com Jest\\Aula 9 - Testando Order.ts e suas integrações\\src\\services\\Messaging.ts": {"path":"C:\\Users\\luiz.silva\\Documents\\GitHub\\Studies-to-develop-web\\4. TypeScript\\Módulo 8 - TypeScript - Testes com Jest\\Aula 9 - Testando Order.ts e suas integrações\\src\\services\\Messaging.ts","statementMap":{"0":{"start":{"line":5,"column":8},"end":{"line":5,"column":46}},"1":{"start":{"line":3,"column":0},"end":{"line":3,"column":13}}},"fnMap":{"0":{"name":"(anonymous_0)","decl":{"start":{"line":4,"column":4},"end":{"line":4,"column":15}},"loc":{"start":{"line":4,"column":27},"end":{"line":6,"column":5}}}},"branchMap":{},"s":{"0":3,"1":1},"f":{"0":3},"b":{}}
,"C:\\Users\\luiz.silva\\Documents\\GitHub\\Studies-to-develop-web\\4. TypeScript\\Módulo 8 - TypeScript - Testes com Jest\\Aula 9 - Testando Order.ts e suas integrações\\src\\services\\Persistency.ts": {"path":"C:\\Users\\luiz.silva\\Documents\\GitHub\\Studies-to-develop-web\\4. TypeScript\\Módulo 8 - TypeScript - Testes com Jest\\Aula 9 - Testando Order.ts e suas integrações\\src\\services\\Persistency.ts","statementMap":{"0":{"start":{"line":3,"column":8},"end":{"line":3,"column":51}},"1":{"start":{"line":1,"column":0},"end":{"line":1,"column":13}}},"fnMap":{"0":{"name":"(anonymous_0)","decl":{"start":{"line":2,"column":4},"end":{"line":2,"column":13}},"loc":{"start":{"line":2,"column":13},"end":{"line":4,"column":5}}}},"branchMap":{},"s":{"0":3,"1":1},"f":{"0":3},"b":{}}
}
